# JRE version: OpenJDK Runtime Environment Temurin-21.0.9+10 (21.0.9+10) (build 21.0.9+10-LTS)
# Java VM: OpenJDK 64-Bit Server VM Temurin-21.0.9+10 (21.0.9+10-LTS, mixed mode, sharing, tiered, compressed oops, compressed class ptrs, parallel gc, windows-amd64)
GC Precious Log:
 CardTable entry size: 512
 CPUs: 4 total, 4 available
 Memory: 16078M
 Large Page Support: Disabled
 NUMA Support: Disabled
 Compressed Oops: Enabled (32-bit)
 Alignments: Space 512K, Generation 512K, Heap 2M
 Heap Min Capacity: 100M
 Heap Initial Capacity: 100M
 Heap Max Capacity: 2G
 Pre-touch: Disabled
 Parallel Workers: 4
Heap:
 PSYoungGen      total 11776K, used 5430K [0x00000000d5580000, 0x00000000d6580000, 0x0000000100000000)
  eden space 9728K, 39% used [0x00000000d5580000,0x00000000d593d8b0,0x00000000d5f00000)
  from space 2048K, 78% used [0x00000000d6380000,0x00000000d6510030,0x00000000d6580000)
  to   space 2048K, 0% used [0x00000000d6180000,0x00000000d6180000,0x00000000d6380000)
 ParOldGen       total 103936K, used 103771K [0x0000000080000000, 0x0000000086580000, 0x00000000d5580000)
  object space 103936K, 99% used [0x0000000080000000,0x0000000086556ec0,0x0000000086580000)
 Metaspace       used 64496K, committed 65920K, reserved 1114112K
  class space    used 6563K, committed 7232K, reserved 1048576K
GC Heap History (20 events):
Event: 1609.031 GC heap before
{Heap before GC invocations=60 (full 3):
 PSYoungGen      total 11776K, used 11376K [0x00000000d5580000, 0x00000000d6500000, 0x0000000100000000)
  eden space 11264K, 100% used [0x00000000d5580000,0x00000000d6080000,0x00000000d6080000)
  from space 512K, 21% used [0x00000000d6480000,0x00000000d649c010,0x00000000d6500000)
  to   space 1024K, 0% used [0x00000000d6300000,0x00000000d6300000,0x00000000d6400000)
 ParOldGen       total 82944K, used 82504K [0x0000000080000000, 0x0000000085100000, 0x00000000d5580000)
  object space 82944K, 99% used [0x0000000080000000,0x0000000085092338,0x0000000085100000)
 Metaspace       used 64208K, committed 65536K, reserved 1114112K
  class space    used 6555K, committed 7168K, reserved 1048576K
}
Event: 1609.037 GC heap after
{Heap after GC invocations=60 (full 3):
 PSYoungGen      total 12288K, used 1007K [0x00000000d5580000, 0x00000000d6b80000, 0x0000000100000000)
  eden space 11264K, 0% used [0x00000000d5580000,0x00000000d5580000,0x00000000d6080000)
  from space 1024K, 98% used [0x00000000d6300000,0x00000000d63fbfe0,0x00000000d6400000)
  to   space 5632K, 0% used [0x00000000d6600000,0x00000000d6600000,0x00000000d6b80000)
 ParOldGen       total 86016K, used 85997K [0x0000000080000000, 0x0000000085400000, 0x00000000d5580000)
  object space 86016K, 99% used [0x0000000080000000,0x00000000853fb5e0,0x0000000085400000)
 Metaspace       used 64208K, committed 65536K, reserved 1114112K
  class space    used 6555K, committed 7168K, reserved 1048576K
}
Event: 1609.090 GC heap before
{Heap before GC invocations=61 (full 3):
 PSYoungGen      total 12288K, used 12271K [0x00000000d5580000, 0x00000000d6b80000, 0x0000000100000000)
  eden space 11264K, 99% used [0x00000000d5580000,0x00000000d607fff8,0x00000000d6080000)
  from space 1024K, 98% used [0x00000000d6300000,0x00000000d63fbfe0,0x00000000d6400000)
  to   space 5632K, 0% used [0x00000000d6600000,0x00000000d6600000,0x00000000d6b80000)
 ParOldGen       total 86016K, used 85997K [0x0000000080000000, 0x0000000085400000, 0x00000000d5580000)
  object space 86016K, 99% used [0x0000000080000000,0x00000000853fb5e0,0x0000000085400000)
 Metaspace       used 64265K, committed 65664K, reserved 1114112K
  class space    used 6555K, committed 7168K, reserved 1048576K
}
Event: 1609.093 GC heap after
{Heap after GC invocations=61 (full 3):
 PSYoungGen      total 13312K, used 1732K [0x00000000d5580000, 0x00000000d6800000, 0x0000000100000000)
  eden space 11264K, 0% used [0x00000000d5580000,0x00000000d5580000,0x00000000d6080000)
  from space 2048K, 84% used [0x00000000d6600000,0x00000000d67b12a8,0x00000000d6800000)
  to   space 3072K, 0% used [0x00000000d6200000,0x00000000d6200000,0x00000000d6500000)
 ParOldGen       total 87040K, used 87014K [0x0000000080000000, 0x0000000085500000, 0x00000000d5580000)
  object space 87040K, 99% used [0x0000000080000000,0x00000000854f9ba0,0x0000000085500000)
 Metaspace       used 64265K, committed 65664K, reserved 1114112K
  class space    used 6555K, committed 7168K, reserved 1048576K
}
Event: 1609.230 GC heap before
{Heap before GC invocations=62 (full 3):
 PSYoungGen      total 13312K, used 12996K [0x00000000d5580000, 0x00000000d6800000, 0x0000000100000000)
  eden space 11264K, 100% used [0x00000000d5580000,0x00000000d6080000,0x00000000d6080000)
  from space 2048K, 84% used [0x00000000d6600000,0x00000000d67b12a8,0x00000000d6800000)
  to   space 3072K, 0% used [0x00000000d6200000,0x00000000d6200000,0x00000000d6500000)
 ParOldGen       total 87040K, used 87014K [0x0000000080000000, 0x0000000085500000, 0x00000000d5580000)
  object space 87040K, 99% used [0x0000000080000000,0x00000000854f9ba0,0x0000000085500000)
 Metaspace       used 64336K, committed 65792K, reserved 1114112K
  class space    used 6561K, committed 7232K, reserved 1048576K
}
Event: 1609.235 GC heap after
{Heap after GC invocations=62 (full 3):
 PSYoungGen      total 13824K, used 2347K [0x00000000d5580000, 0x00000000d6680000, 0x0000000100000000)
  eden space 11264K, 0% used [0x00000000d5580000,0x00000000d5580000,0x00000000d6080000)
  from space 2560K, 91% used [0x00000000d6200000,0x00000000d644af68,0x00000000d6480000)
  to   space 2048K, 0% used [0x00000000d6480000,0x00000000d6480000,0x00000000d6680000)
 ParOldGen       total 89088K, used 88841K [0x0000000080000000, 0x0000000085700000, 0x00000000d5580000)
  object space 89088K, 99% used [0x0000000080000000,0x00000000856c2558,0x0000000085700000)
 Metaspace       used 64336K, committed 65792K, reserved 1114112K
  class space    used 6561K, committed 7232K, reserved 1048576K
}
Event: 1609.351 GC heap before
{Heap before GC invocations=63 (full 3):
 PSYoungGen      total 13824K, used 13611K [0x00000000d5580000, 0x00000000d6680000, 0x0000000100000000)
  eden space 11264K, 100% used [0x00000000d5580000,0x00000000d6080000,0x00000000d6080000)
  from space 2560K, 91% used [0x00000000d6200000,0x00000000d644af68,0x00000000d6480000)
  to   space 2048K, 0% used [0x00000000d6480000,0x00000000d6480000,0x00000000d6680000)
 ParOldGen       total 89088K, used 88841K [0x0000000080000000, 0x0000000085700000, 0x00000000d5580000)
  object space 89088K, 99% used [0x0000000080000000,0x00000000856c2558,0x0000000085700000)
 Metaspace       used 64358K, committed 65792K, reserved 1114112K
  class space    used 6561K, committed 7232K, reserved 1048576K
}
Event: 1609.357 GC heap after
{Heap after GC invocations=63 (full 3):
 PSYoungGen      total 11776K, used 2032K [0x00000000d5580000, 0x00000000d6b80000, 0x0000000100000000)
  eden space 9728K, 0% used [0x00000000d5580000,0x00000000d5580000,0x00000000d5f00000)
  from space 2048K, 99% used [0x00000000d6480000,0x00000000d667c010,0x00000000d6680000)
  to   space 5632K, 0% used [0x00000000d5f00000,0x00000000d5f00000,0x00000000d6480000)
 ParOldGen       total 92160K, used 91912K [0x0000000080000000, 0x0000000085a00000, 0x00000000d5580000)
  object space 92160K, 99% used [0x0000000080000000,0x00000000859c2388,0x0000000085a00000)
 Metaspace       used 64358K, committed 65792K, reserved 1114112K
  class space    used 6561K, committed 7232K, reserved 1048576K
}
Event: 1715.657 GC heap before
{Heap before GC invocations=64 (full 3):
 PSYoungGen      total 11776K, used 11478K [0x00000000d5580000, 0x00000000d6b80000, 0x0000000100000000)
  eden space 9728K, 97% used [0x00000000d5580000,0x00000000d5eb9a00,0x00000000d5f00000)
  from space 2048K, 99% used [0x00000000d6480000,0x00000000d667c010,0x00000000d6680000)
  to   space 5632K, 0% used [0x00000000d5f00000,0x00000000d5f00000,0x00000000d6480000)
 ParOldGen       total 92160K, used 91912K [0x0000000080000000, 0x0000000085a00000, 0x00000000d5580000)
  object space 92160K, 99% used [0x0000000080000000,0x00000000859c2388,0x0000000085a00000)
 Metaspace       used 64370K, committed 65856K, reserved 1114112K
  class space    used 6561K, committed 7232K, reserved 1048576K
}
Event: 1715.663 GC heap after
{Heap after GC invocations=64 (full 3):
 PSYoungGen      total 15360K, used 5625K [0x00000000d5580000, 0x00000000d7100000, 0x0000000100000000)
  eden space 9728K, 0% used [0x00000000d5580000,0x00000000d5580000,0x00000000d5f00000)
  from space 5632K, 99% used [0x00000000d5f00000,0x00000000d647e670,0x00000000d6480000)
  to   space 9216K, 0% used [0x00000000d6800000,0x00000000d6800000,0x00000000d7100000)
 ParOldGen       total 94720K, used 94609K [0x0000000080000000, 0x0000000085c80000, 0x00000000d5580000)
  object space 94720K, 99% used [0x0000000080000000,0x0000000085c64628,0x0000000085c80000)
 Metaspace       used 64370K, committed 65856K, reserved 1114112K
  class space    used 6561K, committed 7232K, reserved 1048576K
}
Event: 1715.810 GC heap before
{Heap before GC invocations=65 (full 3):
 PSYoungGen      total 15360K, used 15353K [0x00000000d5580000, 0x00000000d7100000, 0x0000000100000000)
  eden space 9728K, 100% used [0x00000000d5580000,0x00000000d5f00000,0x00000000d5f00000)
  from space 5632K, 99% used [0x00000000d5f00000,0x00000000d647e670,0x00000000d6480000)
  to   space 9216K, 0% used [0x00000000d6800000,0x00000000d6800000,0x00000000d7100000)
 ParOldGen       total 94720K, used 94609K [0x0000000080000000, 0x0000000085c80000, 0x00000000d5580000)
  object space 94720K, 99% used [0x0000000080000000,0x0000000085c64628,0x0000000085c80000)
 Metaspace       used 64376K, committed 65856K, reserved 1114112K
  class space    used 6562K, committed 7232K, reserved 1048576K
}
Event: 1715.812 GC heap after
{Heap after GC invocations=65 (full 3):
 PSYoungGen      total 12288K, used 2126K [0x00000000d5580000, 0x00000000d6a80000, 0x0000000100000000)
  eden space 9728K, 0% used [0x00000000d5580000,0x00000000d5580000,0x00000000d5f00000)
  from space 2560K, 83% used [0x00000000d6800000,0x00000000d6a13ae8,0x00000000d6a80000)
  to   space 4608K, 0% used [0x00000000d6180000,0x00000000d6180000,0x00000000d6600000)
 ParOldGen       total 95744K, used 95307K [0x0000000080000000, 0x0000000085d80000, 0x00000000d5580000)
  object space 95744K, 99% used [0x0000000080000000,0x0000000085d12ca8,0x0000000085d80000)
 Metaspace       used 64376K, committed 65856K, reserved 1114112K
  class space    used 6562K, committed 7232K, reserved 1048576K
}
Event: 1715.944 GC heap before
{Heap before GC invocations=66 (full 3):
 PSYoungGen      total 12288K, used 11854K [0x00000000d5580000, 0x00000000d6a80000, 0x0000000100000000)
  eden space 9728K, 100% used [0x00000000d5580000,0x00000000d5f00000,0x00000000d5f00000)
  from space 2560K, 83% used [0x00000000d6800000,0x00000000d6a13ae8,0x00000000d6a80000)
  to   space 4608K, 0% used [0x00000000d6180000,0x00000000d6180000,0x00000000d6600000)
 ParOldGen       total 95744K, used 95307K [0x0000000080000000, 0x0000000085d80000, 0x00000000d5580000)
  object space 95744K, 99% used [0x0000000080000000,0x0000000085d12ca8,0x0000000085d80000)
 Metaspace       used 64387K, committed 65856K, reserved 1114112K
  class space    used 6563K, committed 7232K, reserved 1048576K
}
Event: 1715.948 GC heap after
{Heap after GC invocations=66 (full 3):
 PSYoungGen      total 12800K, used 2592K [0x00000000d5580000, 0x00000000d6880000, 0x0000000100000000)
  eden space 9728K, 0% used [0x00000000d5580000,0x00000000d5580000,0x00000000d5f00000)
  from space 3072K, 84% used [0x00000000d6180000,0x00000000d6408040,0x00000000d6480000)
  to   space 3072K, 0% used [0x00000000d6580000,0x00000000d6580000,0x00000000d6880000)
 ParOldGen       total 97280K, used 96949K [0x0000000080000000, 0x0000000085f00000, 0x00000000d5580000)
  object space 97280K, 99% used [0x0000000080000000,0x0000000085ead4d0,0x0000000085f00000)
 Metaspace       used 64387K, committed 65856K, reserved 1114112K
  class space    used 6563K, committed 7232K, reserved 1048576K
}
Event: 1716.181 GC heap before
{Heap before GC invocations=67 (full 3):
 PSYoungGen      total 12800K, used 12320K [0x00000000d5580000, 0x00000000d6880000, 0x0000000100000000)
  eden space 9728K, 100% used [0x00000000d5580000,0x00000000d5f00000,0x00000000d5f00000)
  from space 3072K, 84% used [0x00000000d6180000,0x00000000d6408040,0x00000000d6480000)
  to   space 3072K, 0% used [0x00000000d6580000,0x00000000d6580000,0x00000000d6880000)
 ParOldGen       total 97280K, used 96949K [0x0000000080000000, 0x0000000085f00000, 0x00000000d5580000)
  object space 97280K, 99% used [0x0000000080000000,0x0000000085ead4d0,0x0000000085f00000)
 Metaspace       used 64445K, committed 65920K, reserved 1114112K
  class space    used 6563K, committed 7232K, reserved 1048576K
}
Event: 1716.187 GC heap after
{Heap after GC invocations=67 (full 3):
 PSYoungGen      total 12800K, used 2720K [0x00000000d5580000, 0x00000000d6880000, 0x0000000100000000)
  eden space 9728K, 0% used [0x00000000d5580000,0x00000000d5580000,0x00000000d5f00000)
  from space 3072K, 88% used [0x00000000d6580000,0x00000000d6828020,0x00000000d6880000)
  to   space 3072K, 0% used [0x00000000d6180000,0x00000000d6180000,0x00000000d6480000)
 ParOldGen       total 99840K, used 99433K [0x0000000080000000, 0x0000000086180000, 0x00000000d5580000)
  object space 99840K, 99% used [0x0000000080000000,0x000000008611a770,0x0000000086180000)
 Metaspace       used 64445K, committed 65920K, reserved 1114112K
  class space    used 6563K, committed 7232K, reserved 1048576K
}
Event: 1716.301 GC heap before
{Heap before GC invocations=68 (full 3):
 PSYoungGen      total 12800K, used 12448K [0x00000000d5580000, 0x00000000d6880000, 0x0000000100000000)
  eden space 9728K, 100% used [0x00000000d5580000,0x00000000d5f00000,0x00000000d5f00000)
  from space 3072K, 88% used [0x00000000d6580000,0x00000000d6828020,0x00000000d6880000)
  to   space 3072K, 0% used [0x00000000d6180000,0x00000000d6180000,0x00000000d6480000)
 ParOldGen       total 99840K, used 99433K [0x0000000080000000, 0x0000000086180000, 0x00000000d5580000)
  object space 99840K, 99% used [0x0000000080000000,0x000000008611a770,0x0000000086180000)
 Metaspace       used 64459K, committed 65920K, reserved 1114112K
  class space    used 6563K, committed 7232K, reserved 1048576K
}
Event: 1716.304 GC heap after
{Heap after GC invocations=68 (full 3):
 PSYoungGen      total 11776K, used 1865K [0x00000000d5580000, 0x00000000d6600000, 0x0000000100000000)
  eden space 9728K, 0% used [0x00000000d5580000,0x00000000d5580000,0x00000000d5f00000)
  from space 2048K, 91% used [0x00000000d6180000,0x00000000d6352510,0x00000000d6380000)
  to   space 2560K, 0% used [0x00000000d6380000,0x00000000d6380000,0x00000000d6600000)
 ParOldGen       total 102400K, used 102049K [0x0000000080000000, 0x0000000086400000, 0x00000000d5580000)
  object space 102400K, 99% used [0x0000000080000000,0x00000000863a8790,0x0000000086400000)
 Metaspace       used 64459K, committed 65920K, reserved 1114112K
  class space    used 6563K, committed 7232K, reserved 1048576K
}
Event: 1716.420 GC heap before
{Heap before GC invocations=69 (full 3):
 PSYoungGen      total 11776K, used 11593K [0x00000000d5580000, 0x00000000d6600000, 0x0000000100000000)
  eden space 9728K, 100% used [0x00000000d5580000,0x00000000d5f00000,0x00000000d5f00000)
  from space 2048K, 91% used [0x00000000d6180000,0x00000000d6352510,0x00000000d6380000)
  to   space 2560K, 0% used [0x00000000d6380000,0x00000000d6380000,0x00000000d6600000)
 ParOldGen       total 102400K, used 102049K [0x0000000080000000, 0x0000000086400000, 0x00000000d5580000)
  object space 102400K, 99% used [0x0000000080000000,0x00000000863a8790,0x0000000086400000)
 Metaspace       used 64480K, committed 65920K, reserved 1114112K
  class space    used 6563K, committed 7232K, reserved 1048576K
}
Event: 1716.422 GC heap after
{Heap after GC invocations=69 (full 3):
 PSYoungGen      total 11776K, used 1600K [0x00000000d5580000, 0x00000000d6580000, 0x0000000100000000)
  eden space 9728K, 0% used [0x00000000d5580000,0x00000000d5580000,0x00000000d5f00000)
  from space 2048K, 78% used [0x00000000d6380000,0x00000000d6510030,0x00000000d6580000)
  to   space 2048K, 0% used [0x00000000d6180000,0x00000000d6180000,0x00000000d6380000)
 ParOldGen       total 103936K, used 103771K [0x0000000080000000, 0x0000000086580000, 0x00000000d5580000)
  object space 103936K, 99% used [0x0000000080000000,0x0000000086556ec0,0x0000000086580000)
 Metaspace       used 64480K, committed 65920K, reserved 1114112K
  class space    used 6563K, committed 7232K, reserved 1048576K
}

