# JRE version: OpenJDK Runtime Environment Temurin-21.0.9+10 (21.0.9+10) (build 21.0.9+10-LTS)
# Java VM: OpenJDK 64-Bit Server VM Temurin-21.0.9+10 (21.0.9+10-LTS, mixed mode, sharing, tiered, compressed oops, compressed class ptrs, parallel gc, windows-amd64)
GC Precious Log:
 CardTable entry size: 512
 CPUs: 4 total, 4 available
 Memory: 16078M
 Large Page Support: Disabled
 NUMA Support: Disabled
 Compressed Oops: Enabled (32-bit)
 Alignments: Space 512K, Generation 512K, Heap 2M
 Heap Min Capacity: 100M
 Heap Initial Capacity: 100M
 Heap Max Capacity: 2G
 Pre-touch: Disabled
 Parallel Workers: 4
Heap:
 PSYoungGen      total 12288K, used 3858K [0x00000000d5580000, 0x00000000d6700000, 0x0000000100000000)
  eden space 10240K, 18% used [0x00000000d5580000,0x00000000d575cb10,0x00000000d5f80000)
  from space 2048K, 95% used [0x00000000d6500000,0x00000000d66e8020,0x00000000d6700000)
  to   space 2560K, 0% used [0x00000000d6200000,0x00000000d6200000,0x00000000d6480000)
 ParOldGen       total 80896K, used 80647K [0x0000000080000000, 0x0000000084f00000, 0x00000000d5580000)
  object space 80896K, 99% used [0x0000000080000000,0x0000000084ec1e70,0x0000000084f00000)
 Metaspace       used 68495K, committed 69824K, reserved 1114112K
  class space    used 7159K, committed 7744K, reserved 1048576K
GC Heap History (20 events):
Event: 36.423 GC heap before
{Heap before GC invocations=52 (full 3):
 PSYoungGen      total 14336K, used 14112K [0x00000000d5580000, 0x00000000d6700000, 0x0000000100000000)
  eden space 13824K, 100% used [0x00000000d5580000,0x00000000d6300000,0x00000000d6300000)
  from space 512K, 56% used [0x00000000d6680000,0x00000000d66c8000,0x00000000d6700000)
  to   space 512K, 0% used [0x00000000d6600000,0x00000000d6600000,0x00000000d6680000)
 ParOldGen       total 68608K, used 56632K [0x0000000080000000, 0x0000000084300000, 0x00000000d5580000)
  object space 68608K, 82% used [0x0000000080000000,0x000000008374e0d0,0x0000000084300000)
 Metaspace       used 64993K, committed 66304K, reserved 1114112K
  class space    used 6940K, committed 7488K, reserved 1048576K
}
Event: 36.424 GC heap after
{Heap after GC invocations=52 (full 3):
 PSYoungGen      total 14336K, used 512K [0x00000000d5580000, 0x00000000d6700000, 0x0000000100000000)
  eden space 13824K, 0% used [0x00000000d5580000,0x00000000d5580000,0x00000000d6300000)
  from space 512K, 100% used [0x00000000d6600000,0x00000000d6680000,0x00000000d6680000)
  to   space 512K, 0% used [0x00000000d6680000,0x00000000d6680000,0x00000000d6700000)
 ParOldGen       total 68608K, used 56792K [0x0000000080000000, 0x0000000084300000, 0x00000000d5580000)
  object space 68608K, 82% used [0x0000000080000000,0x00000000837760d0,0x0000000084300000)
 Metaspace       used 64993K, committed 66304K, reserved 1114112K
  class space    used 6940K, committed 7488K, reserved 1048576K
}
Event: 36.613 GC heap before
{Heap before GC invocations=53 (full 3):
 PSYoungGen      total 14336K, used 14336K [0x00000000d5580000, 0x00000000d6700000, 0x0000000100000000)
  eden space 13824K, 100% used [0x00000000d5580000,0x00000000d6300000,0x00000000d6300000)
  from space 512K, 100% used [0x00000000d6600000,0x00000000d6680000,0x00000000d6680000)
  to   space 512K, 0% used [0x00000000d6680000,0x00000000d6680000,0x00000000d6700000)
 ParOldGen       total 68608K, used 56792K [0x0000000080000000, 0x0000000084300000, 0x00000000d5580000)
  object space 68608K, 82% used [0x0000000080000000,0x00000000837760d0,0x0000000084300000)
 Metaspace       used 65399K, committed 66688K, reserved 1114112K
  class space    used 6979K, committed 7552K, reserved 1048576K
}
Event: 36.616 GC heap after
{Heap after GC invocations=53 (full 3):
 PSYoungGen      total 14336K, used 487K [0x00000000d5580000, 0x00000000d6700000, 0x0000000100000000)
  eden space 13824K, 0% used [0x00000000d5580000,0x00000000d5580000,0x00000000d6300000)
  from space 512K, 95% used [0x00000000d6680000,0x00000000d66f9fa0,0x00000000d6700000)
  to   space 2048K, 0% used [0x00000000d6300000,0x00000000d6300000,0x00000000d6500000)
 ParOldGen       total 68608K, used 57811K [0x0000000080000000, 0x0000000084300000, 0x00000000d5580000)
  object space 68608K, 84% used [0x0000000080000000,0x0000000083874c00,0x0000000084300000)
 Metaspace       used 65399K, committed 66688K, reserved 1114112K
  class space    used 6979K, committed 7552K, reserved 1048576K
}
Event: 37.089 GC heap before
{Heap before GC invocations=54 (full 3):
 PSYoungGen      total 14336K, used 14311K [0x00000000d5580000, 0x00000000d6700000, 0x0000000100000000)
  eden space 13824K, 100% used [0x00000000d5580000,0x00000000d6300000,0x00000000d6300000)
  from space 512K, 95% used [0x00000000d6680000,0x00000000d66f9fa0,0x00000000d6700000)
  to   space 2048K, 0% used [0x00000000d6300000,0x00000000d6300000,0x00000000d6500000)
 ParOldGen       total 68608K, used 57811K [0x0000000080000000, 0x0000000084300000, 0x00000000d5580000)
  object space 68608K, 84% used [0x0000000080000000,0x0000000083874c00,0x0000000084300000)
 Metaspace       used 65613K, committed 66944K, reserved 1114112K
  class space    used 6991K, committed 7552K, reserved 1048576K
}
Event: 37.096 GC heap after
{Heap after GC invocations=54 (full 3):
 PSYoungGen      total 15872K, used 2030K [0x00000000d5580000, 0x00000000d6d00000, 0x0000000100000000)
  eden space 13824K, 0% used [0x00000000d5580000,0x00000000d5580000,0x00000000d6300000)
  from space 2048K, 99% used [0x00000000d6300000,0x00000000d64fb948,0x00000000d6500000)
  to   space 5120K, 0% used [0x00000000d6800000,0x00000000d6800000,0x00000000d6d00000)
 ParOldGen       total 68608K, used 60194K [0x0000000080000000, 0x0000000084300000, 0x00000000d5580000)
  object space 68608K, 87% used [0x0000000080000000,0x0000000083ac8b88,0x0000000084300000)
 Metaspace       used 65613K, committed 66944K, reserved 1114112K
  class space    used 6991K, committed 7552K, reserved 1048576K
}
Event: 37.386 GC heap before
{Heap before GC invocations=55 (full 3):
 PSYoungGen      total 15872K, used 15854K [0x00000000d5580000, 0x00000000d6d00000, 0x0000000100000000)
  eden space 13824K, 100% used [0x00000000d5580000,0x00000000d6300000,0x00000000d6300000)
  from space 2048K, 99% used [0x00000000d6300000,0x00000000d64fb948,0x00000000d6500000)
  to   space 5120K, 0% used [0x00000000d6800000,0x00000000d6800000,0x00000000d6d00000)
 ParOldGen       total 68608K, used 60194K [0x0000000080000000, 0x0000000084300000, 0x00000000d5580000)
  object space 68608K, 87% used [0x0000000080000000,0x0000000083ac8b88,0x0000000084300000)
 Metaspace       used 65838K, committed 67200K, reserved 1114112K
  class space    used 6995K, committed 7616K, reserved 1048576K
}
Event: 37.392 GC heap after
{Heap after GC invocations=55 (full 3):
 PSYoungGen      total 18944K, used 4736K [0x00000000d5580000, 0x00000000d6d00000, 0x0000000100000000)
  eden space 13824K, 0% used [0x00000000d5580000,0x00000000d5580000,0x00000000d6300000)
  from space 5120K, 92% used [0x00000000d6800000,0x00000000d6ca0210,0x00000000d6d00000)
  to   space 5120K, 0% used [0x00000000d6300000,0x00000000d6300000,0x00000000d6800000)
 ParOldGen       total 68608K, used 61868K [0x0000000080000000, 0x0000000084300000, 0x00000000d5580000)
  object space 68608K, 90% used [0x0000000080000000,0x0000000083c6b080,0x0000000084300000)
 Metaspace       used 65838K, committed 67200K, reserved 1114112K
  class space    used 6995K, committed 7616K, reserved 1048576K
}
Event: 38.520 GC heap before
{Heap before GC invocations=56 (full 3):
 PSYoungGen      total 18944K, used 18560K [0x00000000d5580000, 0x00000000d6d00000, 0x0000000100000000)
  eden space 13824K, 100% used [0x00000000d5580000,0x00000000d6300000,0x00000000d6300000)
  from space 5120K, 92% used [0x00000000d6800000,0x00000000d6ca0210,0x00000000d6d00000)
  to   space 5120K, 0% used [0x00000000d6300000,0x00000000d6300000,0x00000000d6800000)
 ParOldGen       total 68608K, used 61868K [0x0000000080000000, 0x0000000084300000, 0x00000000d5580000)
  object space 68608K, 90% used [0x0000000080000000,0x0000000083c6b080,0x0000000084300000)
 Metaspace       used 66496K, committed 67840K, reserved 1114112K
  class space    used 7028K, committed 7616K, reserved 1048576K
}
Event: 38.528 GC heap after
{Heap after GC invocations=56 (full 3):
 PSYoungGen      total 16384K, used 2499K [0x00000000d5580000, 0x00000000d6a00000, 0x0000000100000000)
  eden space 13824K, 0% used [0x00000000d5580000,0x00000000d5580000,0x00000000d6300000)
  from space 2560K, 97% used [0x00000000d6300000,0x00000000d6570f60,0x00000000d6580000)
  to   space 3584K, 0% used [0x00000000d6680000,0x00000000d6680000,0x00000000d6a00000)
 ParOldGen       total 68608K, used 66302K [0x0000000080000000, 0x0000000084300000, 0x00000000d5580000)
  object space 68608K, 96% used [0x0000000080000000,0x00000000840bfb80,0x0000000084300000)
 Metaspace       used 66496K, committed 67840K, reserved 1114112K
  class space    used 7028K, committed 7616K, reserved 1048576K
}
Event: 39.504 GC heap before
{Heap before GC invocations=57 (full 3):
 PSYoungGen      total 16384K, used 16323K [0x00000000d5580000, 0x00000000d6a00000, 0x0000000100000000)
  eden space 13824K, 100% used [0x00000000d5580000,0x00000000d6300000,0x00000000d6300000)
  from space 2560K, 97% used [0x00000000d6300000,0x00000000d6570f60,0x00000000d6580000)
  to   space 3584K, 0% used [0x00000000d6680000,0x00000000d6680000,0x00000000d6a00000)
 ParOldGen       total 68608K, used 66302K [0x0000000080000000, 0x0000000084300000, 0x00000000d5580000)
  object space 68608K, 96% used [0x0000000080000000,0x00000000840bfb80,0x0000000084300000)
 Metaspace       used 67064K, committed 68416K, reserved 1114112K
  class space    used 7034K, committed 7616K, reserved 1048576K
}
Event: 39.512 GC heap after
{Heap after GC invocations=57 (full 3):
 PSYoungGen      total 16384K, used 2081K [0x00000000d5580000, 0x00000000d6900000, 0x0000000100000000)
  eden space 13824K, 0% used [0x00000000d5580000,0x00000000d5580000,0x00000000d6300000)
  from space 2560K, 81% used [0x00000000d6680000,0x00000000d6888570,0x00000000d6900000)
  to   space 2560K, 0% used [0x00000000d6300000,0x00000000d6300000,0x00000000d6580000)
 ParOldGen       total 69120K, used 68686K [0x0000000080000000, 0x0000000084380000, 0x00000000d5580000)
  object space 69120K, 99% used [0x0000000080000000,0x0000000084313948,0x0000000084380000)
 Metaspace       used 67064K, committed 68416K, reserved 1114112K
  class space    used 7034K, committed 7616K, reserved 1048576K
}
Event: 42.538 GC heap before
{Heap before GC invocations=58 (full 3):
 PSYoungGen      total 16384K, used 15905K [0x00000000d5580000, 0x00000000d6900000, 0x0000000100000000)
  eden space 13824K, 100% used [0x00000000d5580000,0x00000000d6300000,0x00000000d6300000)
  from space 2560K, 81% used [0x00000000d6680000,0x00000000d6888570,0x00000000d6900000)
  to   space 2560K, 0% used [0x00000000d6300000,0x00000000d6300000,0x00000000d6580000)
 ParOldGen       total 69120K, used 68686K [0x0000000080000000, 0x0000000084380000, 0x00000000d5580000)
  object space 69120K, 99% used [0x0000000080000000,0x0000000084313948,0x0000000084380000)
 Metaspace       used 67304K, committed 68672K, reserved 1114112K
  class space    used 7052K, committed 7680K, reserved 1048576K
}
Event: 42.553 GC heap after
{Heap after GC invocations=58 (full 3):
 PSYoungGen      total 16384K, used 2549K [0x00000000d5580000, 0x00000000d6e00000, 0x0000000100000000)
  eden space 13824K, 0% used [0x00000000d5580000,0x00000000d5580000,0x00000000d6300000)
  from space 2560K, 99% used [0x00000000d6300000,0x00000000d657d5e0,0x00000000d6580000)
  to   space 5632K, 0% used [0x00000000d6880000,0x00000000d6880000,0x00000000d6e00000)
 ParOldGen       total 71168K, used 71039K [0x0000000080000000, 0x0000000084580000, 0x00000000d5580000)
  object space 71168K, 99% used [0x0000000080000000,0x000000008455fea8,0x0000000084580000)
 Metaspace       used 67304K, committed 68672K, reserved 1114112K
  class space    used 7052K, committed 7680K, reserved 1048576K
}
Event: 44.289 GC heap before
{Heap before GC invocations=59 (full 3):
 PSYoungGen      total 16384K, used 16373K [0x00000000d5580000, 0x00000000d6e00000, 0x0000000100000000)
  eden space 13824K, 100% used [0x00000000d5580000,0x00000000d6300000,0x00000000d6300000)
  from space 2560K, 99% used [0x00000000d6300000,0x00000000d657d5e0,0x00000000d6580000)
  to   space 5632K, 0% used [0x00000000d6880000,0x00000000d6880000,0x00000000d6e00000)
 ParOldGen       total 71168K, used 71039K [0x0000000080000000, 0x0000000084580000, 0x00000000d5580000)
  object space 71168K, 99% used [0x0000000080000000,0x000000008455fea8,0x0000000084580000)
 Metaspace       used 67468K, committed 68864K, reserved 1114112K
  class space    used 7067K, committed 7680K, reserved 1048576K
}
Event: 44.316 GC heap after
{Heap after GC invocations=59 (full 3):
 PSYoungGen      total 15872K, used 5615K [0x00000000d5580000, 0x00000000d7500000, 0x0000000100000000)
  eden space 10240K, 0% used [0x00000000d5580000,0x00000000d5580000,0x00000000d5f80000)
  from space 5632K, 99% used [0x00000000d6880000,0x00000000d6dfbee0,0x00000000d6e00000)
  to   space 9216K, 0% used [0x00000000d5f80000,0x00000000d5f80000,0x00000000d6880000)
 ParOldGen       total 73728K, used 73580K [0x0000000080000000, 0x0000000084800000, 0x00000000d5580000)
  object space 73728K, 99% used [0x0000000080000000,0x00000000847db010,0x0000000084800000)
 Metaspace       used 67468K, committed 68864K, reserved 1114112K
  class space    used 7067K, committed 7680K, reserved 1048576K
}
Event: 45.467 GC heap before
{Heap before GC invocations=60 (full 3):
 PSYoungGen      total 15872K, used 15855K [0x00000000d5580000, 0x00000000d7500000, 0x0000000100000000)
  eden space 10240K, 99% used [0x00000000d5580000,0x00000000d5f7fff8,0x00000000d5f80000)
  from space 5632K, 99% used [0x00000000d6880000,0x00000000d6dfbee0,0x00000000d6e00000)
  to   space 9216K, 0% used [0x00000000d5f80000,0x00000000d5f80000,0x00000000d6880000)
 ParOldGen       total 73728K, used 73580K [0x0000000080000000, 0x0000000084800000, 0x00000000d5580000)
  object space 73728K, 99% used [0x0000000080000000,0x00000000847db010,0x0000000084800000)
 Metaspace       used 67699K, committed 69056K, reserved 1114112K
  class space    used 7071K, committed 7680K, reserved 1048576K
}
Event: 45.472 GC heap after
{Heap after GC invocations=60 (full 3):
 PSYoungGen      total 12288K, used 1692K [0x00000000d5580000, 0x00000000d6900000, 0x0000000100000000)
  eden space 10240K, 0% used [0x00000000d5580000,0x00000000d5580000,0x00000000d5f80000)
  from space 2048K, 82% used [0x00000000d5f80000,0x00000000d61272e0,0x00000000d6180000)
  to   space 4096K, 0% used [0x00000000d6500000,0x00000000d6500000,0x00000000d6900000)
 ParOldGen       total 79360K, used 79139K [0x0000000080000000, 0x0000000084d80000, 0x00000000d5580000)
  object space 79360K, 99% used [0x0000000080000000,0x0000000084d48f90,0x0000000084d80000)
 Metaspace       used 67699K, committed 69056K, reserved 1114112K
  class space    used 7071K, committed 7680K, reserved 1048576K
}
Event: 33227.040 GC heap before
{Heap before GC invocations=61 (full 3):
 PSYoungGen      total 12288K, used 11932K [0x00000000d5580000, 0x00000000d6900000, 0x0000000100000000)
  eden space 10240K, 100% used [0x00000000d5580000,0x00000000d5f80000,0x00000000d5f80000)
  from space 2048K, 82% used [0x00000000d5f80000,0x00000000d61272e0,0x00000000d6180000)
  to   space 4096K, 0% used [0x00000000d6500000,0x00000000d6500000,0x00000000d6900000)
 ParOldGen       total 79360K, used 79139K [0x0000000080000000, 0x0000000084d80000, 0x00000000d5580000)
  object space 79360K, 99% used [0x0000000080000000,0x0000000084d48f90,0x0000000084d80000)
 Metaspace       used 68468K, committed 69824K, reserved 1114112K
  class space    used 7159K, committed 7744K, reserved 1048576K
}
Event: 33227.077 GC heap after
{Heap after GC invocations=61 (full 3):
 PSYoungGen      total 12288K, used 1952K [0x00000000d5580000, 0x00000000d6700000, 0x0000000100000000)
  eden space 10240K, 0% used [0x00000000d5580000,0x00000000d5580000,0x00000000d5f80000)
  from space 2048K, 95% used [0x00000000d6500000,0x00000000d66e8020,0x00000000d6700000)
  to   space 2560K, 0% used [0x00000000d6200000,0x00000000d6200000,0x00000000d6480000)
 ParOldGen       total 80896K, used 80647K [0x0000000080000000, 0x0000000084f00000, 0x00000000d5580000)
  object space 80896K, 99% used [0x0000000080000000,0x0000000084ec1e70,0x0000000084f00000)
 Metaspace       used 68468K, committed 69824K, reserved 1114112K
  class space    used 7159K, committed 7744K, reserved 1048576K
}

